<?xml version="1.0" encoding="UTF-8"?>
<testsuite xmlns:xsi="http://www.w3.org/2001/XMLSchema-instance" xsi:noNamespaceSchemaLocation="https://maven.apache.org/surefire/maven-surefire-plugin/xsd/surefire-test-report.xsd" name="com.vaannila.TestClass2" time="0.001" tests="5" errors="0" skipped="0" failures="0">
  <properties>
[...]
</properties>
  <testcase name="tes9" classname="com.vaannila.TestClass2" time="0"/>
  <testcase name="test5" classname="com.vaannila.TestClass2" time="0"/>
  <testcase name="test6" classname="com.vaannila.TestClass2" time="0"/>
  <testcase name="test7" classname="com.vaannila.TestClass2" time="0.001"/>
  <testcase name="test8" classname="com.vaannila.TestClass2" time="0"/>
</testsuite>